C51 COMPILER V9.60.0.0   DC_MOTOR                                                          03/05/2022 04:04:14 PAGE 1   


C51 COMPILER V9.60.0.0, COMPILATION OF MODULE DC_MOTOR
OBJECT MODULE PLACED IN .\Objects\dc_motor.obj
COMPILER INVOKED BY: C:\Keil_v5\C51\BIN\C51.EXE dc_motor.c OPTIMIZE(8,SPEED) BROWSE DEBUG OBJECTEXTEND PRINT(.\Listings\
                    -dc_motor.lst) TABS(2) OBJECT(.\Objects\dc_motor.obj)

line level    source

   1          #include<reg51.h>
   2          
   3          sbit switch1 = P1^0;//clockwise rotation for both motor
   4          sbit switch2 = P1^1;//clockwise rotation for right motor only
   5          sbit switch3 = P1^2;//clockwise rotation for left motor only
   6          sbit switch4 = P1^3;//anticlockwise rotation for both motor
   7          sbit switch5 = P1^4;//stop rotation (made it always one so that if all switch is off then motor will be in
             - off condition else in on condition)
   8          
   9          void delay(void)
  10          {
  11   1        unsigned int i;
  12   1        for(i=0;i<0xFF;i++);
  13   1      }
  14          void main()
  15          {
  16   1        P1 = 0x00;
  17   1        P2 = 0x00;
  18   1        
  19   1        while(1)
  20   1        {
  21   2          if(switch1 == 1)
  22   2          {
  23   3            P2 = 0x09;
  24   3          }
  25   2          
  26   2          if(switch2 == 1)
  27   2          {
  28   3            P2 = 0x04;
  29   3          }
  30   2          
  31   2          if(switch3 == 1)
  32   2          {
  33   3            P2 = 0x01;
  34   3          }
  35   2          
  36   2          if(switch4 == 1)
  37   2          {
  38   3            P2 = 0x06;
  39   3          }
  40   2          
  41   2          if(switch5 == 1)
  42   2          {
  43   3            P2 = 0x00;
  44   3          }
  45   2        }
  46   1      }


MODULE INFORMATION:   STATIC OVERLAYABLE
   CODE SIZE        =     51    ----
   CONSTANT SIZE    =   ----    ----
   XDATA SIZE       =   ----    ----
   PDATA SIZE       =   ----    ----
C51 COMPILER V9.60.0.0   DC_MOTOR                                                          03/05/2022 04:04:14 PAGE 2   

   DATA SIZE        =   ----    ----
   IDATA SIZE       =   ----    ----
   BIT SIZE         =   ----    ----
END OF MODULE INFORMATION.


C51 COMPILATION COMPLETE.  0 WARNING(S),  0 ERROR(S)
